C51 COMPILER V9.51   PONG3                                                                 03/17/2013 09:44:29 PAGE 1   


C51 COMPILER V9.51, COMPILATION OF MODULE PONG3
OBJECT MODULE PLACED IN pong3.OBJ
COMPILER INVOKED BY: D:\KEIL\C51\BIN\C51.EXE pong3.c BROWSE DEBUG OBJECTEXTEND TABS(2)

line level    source

   1          #include<reg52.h>
   2          #include<intrins.h>
   3          #include<math.h>
   4          sbit K1 = P3^2;
   5          sbit K2 = P3^3;
   6          sbit beep = P3^4;
   7          #define uchar unsigned char
   8          #define Reset()   ((void (code *) (void)) 0x0000) ()
   9          uchar code P0table[] = {0x1f,0x8f,0xc7,0xe3,0xf1,0xf8};
  10          uchar code P2table[] = {0x01,0x02,0x04,0x08,0x10,0x20,0x40,0x80};
  11          uchar code ballXtable[] = {0x7f,0xbf,0xdf,0xef,0xf7,0xfb,0xfd,0xfe};
  12          uchar offset,ballX,ballY,timer1,DirY,DirX;
  13          
  14          void delay(uchar z)
  15          {
  16   1        uchar x,y;
  17   1        for(x=z;x>0;x--)
  18   1          for(y=110;y>0;y--);
  19   1      }
  20          void D1(uchar);
  21          void D2(uchar,uchar);
  22          void testBoundary();
  23          void clearScreen()
  24          {
  25   1        uchar i;
  26   1        i=200000;
  27   1          P0=0x00;
  28   1          P2=0xff;
  29   1        delay(10000);
  30   1      }
  31          
  32            
  33          void key()
  34          {
  35   1          if (K2==0)
  36   1          { 
  37   2              TH0=(65535-500)/256;
  38   2              TL0=(65535-500)%256;
  39   2              //timer1 = 0;
  40   2            if(offset>0){offset = offset -1;}
  41   2              while(!K2)
  42   2              {
  43   3                D1(offset);
  44   3                D2(ballY,ballX);
  45   3              }
  46   2              timer1=0;
  47   2            }
  48   1          
  49   1          if (K1==0)
  50   1          { 
  51   2              TH0=(65535-500)/256;
  52   2              TL0=(65535-500)%256;
  53   2              //timer1=0;
  54   2              if(offset<5){offset = offset +1;}
  55   2              while(!K1)
C51 COMPILER V9.51   PONG3                                                                 03/17/2013 09:44:29 PAGE 2   

  56   2              {
  57   3                D1(offset);
  58   3                D2(ballY,ballX);
  59   3              }
  60   2              timer1=0;
  61   2          }
  62   1      }   
  63          
  64            
  65          void D1(uchar offset)
  66          {
  67   1        P2=P2table[0];
  68   1        P0=P0table[offset];
  69   1        delay(7);
  70   1        P0=0xff;
  71   1      } 
  72          
  73          void D2(uchar ballY,uchar ballX)
  74          {
  75   1          P2=P2table[ballY];
  76   1          P0 = ballXtable[ballX];
  77   1          delay(5);
  78   1          P0=0xff;
  79   1      }
  80          
  81          void init()
  82          {
  83   1        uchar i;
  84   1        i=0;
  85   1        offset = 0;
  86   1        P2=P2table[0];
  87   1        ballX = 2;
  88   1        ballY=3;
  89   1        DirX=1;
  90   1        DirY=1;
  91   1        EA=1;
  92   1        TMOD=0x01;
  93   1        ET0=1;
  94   1        TH0=(65535-500)/256;
  95   1        TL0=(65535-500)%256;
  96   1        TR0=1;
  97   1      }   
  98          
  99                
 100          void testBoundary()
 101          {
 102   1          if(ballX ==0)
 103   1          {
 104   2            if(DirX == -1)
 105   2                {DirX = 1; }
 106   2          }
 107   1          
 108   1          if(ballX==7)
 109   1          {
 110   2              if(DirX==1)
 111   2              {
 112   3                DirX=-1;
 113   3              }
 114   2          }
 115   1              if(ballY ==7) 
 116   1          {
 117   2            if (DirY== 1)
C51 COMPILER V9.51   PONG3                                                                 03/17/2013 09:44:29 PAGE 3   

 118   2              {DirY=-1;}
 119   2          }
 120   1          if (ballY == 1)
 121   1          {
 122   2            if(DirY==-1)
 123   2            {
 124   3              DirY=1;
 125   3            }
 126   2          }
 127   1        }
 128          
 129          void buzz()
 130            {
 131   1          beep = 0;
 132   1          delay(2000);
 133   1          beep=1;
 134   1        }
 135          void testCatch()
 136          {
 137   1          if(ballY==1)
 138   1          {
 139   2              if(ballX!=offset)
 140   2              {           
 141   3                if(ballX != offset+1)
 142   3                {             
 143   4                  if(ballX != offset+2)
 144   4                  {TR0=0;}
 145   4                }   
 146   3            }
 147   2          }   
 148   1      }
 149                  
 150          
 151          void main()
 152          {
 153   1        init();
 154   1        while(1)
 155   1        {
 156   2          testCatch();
 157   2          testBoundary();   
 158   2          D1(offset);
 159   2          D2(ballY,ballX);
 160   2        }
 161   1      }
 162              
 163          void timer() interrupt 1
 164          {
 165   1        TH0=(65535-500)/256;
 166   1        TL0=(65535-500)%256;
 167   1        timer1++;
 168   1        if (timer1==200)
 169   1        {
 170   2          timer1 = 0; 
 171   2          key();
 172   2          ballX = ballX+DirX;
 173   2          ballY = ballY+DirY;
 174   2        }
 175   1      }
 176          


MODULE INFORMATION:   STATIC OVERLAYABLE
C51 COMPILER V9.51   PONG3                                                                 03/17/2013 09:44:29 PAGE 4   

   CODE SIZE        =    402    ----
   CONSTANT SIZE    =     22    ----
   XDATA SIZE       =   ----    ----
   PDATA SIZE       =   ----    ----
   DATA SIZE        =      6       2
   IDATA SIZE       =   ----    ----
   BIT SIZE         =   ----    ----
END OF MODULE INFORMATION.


C51 COMPILATION COMPLETE.  0 WARNING(S),  0 ERROR(S)
